  bitmapclass.cpp
  cameraclass.cpp
c:\users\user\desktop\dx11tut10\dx11tut10\engine\engine\cameraclass.cpp(149): warning C4244: '인수': 'DWORD'에서 'FLOAT'(으)로 변환하면서 데이터가 손실될 수 있습니다.
c:\users\user\desktop\dx11tut10\dx11tut10\engine\engine\cameraclass.cpp(150): warning C4244: '인수': 'DWORD'에서 'FLOAT'(으)로 변환하면서 데이터가 손실될 수 있습니다.
c:\users\user\desktop\dx11tut10\dx11tut10\engine\engine\cameraclass.cpp(158): warning C4244: '인수': 'DWORD'에서 'FLOAT'(으)로 변환하면서 데이터가 손실될 수 있습니다.
c:\users\user\desktop\dx11tut10\dx11tut10\engine\engine\cameraclass.cpp(159): warning C4244: '인수': 'DWORD'에서 'FLOAT'(으)로 변환하면서 데이터가 손실될 수 있습니다.
c:\users\user\desktop\dx11tut10\dx11tut10\engine\engine\cameraclass.cpp(170): warning C4244: '인수': 'DWORD'에서 'FLOAT'(으)로 변환하면서 데이터가 손실될 수 있습니다.
c:\users\user\desktop\dx11tut10\dx11tut10\engine\engine\cameraclass.cpp(171): warning C4244: '인수': 'DWORD'에서 'FLOAT'(으)로 변환하면서 데이터가 손실될 수 있습니다.
c:\users\user\desktop\dx11tut10\dx11tut10\engine\engine\cameraclass.cpp(182): warning C4244: '인수': 'DWORD'에서 'FLOAT'(으)로 변환하면서 데이터가 손실될 수 있습니다.
c:\users\user\desktop\dx11tut10\dx11tut10\engine\engine\cameraclass.cpp(183): warning C4244: '인수': 'DWORD'에서 'FLOAT'(으)로 변환하면서 데이터가 손실될 수 있습니다.
c:\users\user\desktop\dx11tut10\dx11tut10\engine\engine\cameraclass.cpp(250): warning C4244: '인수': 'DWORD'에서 'FLOAT'(으)로 변환하면서 데이터가 손실될 수 있습니다.
c:\users\user\desktop\dx11tut10\dx11tut10\engine\engine\cameraclass.cpp(258): warning C4244: '인수': 'DWORD'에서 'FLOAT'(으)로 변환하면서 데이터가 손실될 수 있습니다.
c:\users\user\desktop\dx11tut10\dx11tut10\engine\engine\cameraclass.cpp(269): warning C4244: '인수': 'DWORD'에서 'FLOAT'(으)로 변환하면서 데이터가 손실될 수 있습니다.
c:\users\user\desktop\dx11tut10\dx11tut10\engine\engine\cameraclass.cpp(280): warning C4244: '인수': 'DWORD'에서 'FLOAT'(으)로 변환하면서 데이터가 손실될 수 있습니다.
  Cpuclass.cpp
  d3dclass.cpp
  Fontclass.cpp
  Fontshaderclass.cpp
  Fpsclass.cpp
  graphicsclass.cpp
c:\users\user\desktop\dx11tut10\dx11tut10\engine\engine\graphicsclass.cpp(1221): warning C4305: '인수': 'double'에서 'FLOAT'(으)로 잘립니다.
c:\users\user\desktop\dx11tut10\dx11tut10\engine\engine\graphicsclass.cpp(1244): warning C4305: '인수': 'double'에서 'FLOAT'(으)로 잘립니다.
c:\users\user\desktop\dx11tut10\dx11tut10\engine\engine\graphicsclass.cpp(1265): warning C4305: '인수': 'double'에서 'FLOAT'(으)로 잘립니다.
c:\users\user\desktop\dx11tut10\dx11tut10\engine\engine\graphicsclass.cpp(1285): warning C4305: '인수': 'double'에서 'FLOAT'(으)로 잘립니다.
c:\users\user\desktop\dx11tut10\dx11tut10\engine\engine\graphicsclass.cpp(1306): warning C4305: '인수': 'double'에서 'FLOAT'(으)로 잘립니다.
c:\users\user\desktop\dx11tut10\dx11tut10\engine\engine\graphicsclass.cpp(1327): warning C4305: '인수': 'double'에서 'FLOAT'(으)로 잘립니다.
c:\users\user\desktop\dx11tut10\dx11tut10\engine\engine\graphicsclass.cpp(1348): warning C4305: '인수': 'double'에서 'FLOAT'(으)로 잘립니다.
c:\users\user\desktop\dx11tut10\dx11tut10\engine\engine\graphicsclass.cpp(1369): warning C4305: '인수': 'double'에서 'FLOAT'(으)로 잘립니다.
c:\users\user\desktop\dx11tut10\dx11tut10\engine\engine\graphicsclass.cpp(1390): warning C4305: '인수': 'double'에서 'FLOAT'(으)로 잘립니다.
c:\users\user\desktop\dx11tut10\dx11tut10\engine\engine\graphicsclass.cpp(1411): warning C4305: '인수': 'double'에서 'FLOAT'(으)로 잘립니다.
c:\users\user\desktop\dx11tut10\dx11tut10\engine\engine\graphicsclass.cpp(1433): warning C4305: '인수': 'double'에서 'FLOAT'(으)로 잘립니다.
c:\users\user\desktop\dx11tut10\dx11tut10\engine\engine\graphicsclass.cpp(1456): warning C4305: '인수': 'double'에서 'FLOAT'(으)로 잘립니다.
c:\users\user\desktop\dx11tut10\dx11tut10\engine\engine\graphicsclass.cpp(1477): warning C4305: '인수': 'double'에서 'FLOAT'(으)로 잘립니다.
c:\users\user\desktop\dx11tut10\dx11tut10\engine\engine\graphicsclass.cpp(1498): warning C4305: '인수': 'double'에서 'FLOAT'(으)로 잘립니다.
c:\users\user\desktop\dx11tut10\dx11tut10\engine\engine\graphicsclass.cpp(1519): warning C4305: '인수': 'double'에서 'FLOAT'(으)로 잘립니다.
c:\users\user\desktop\dx11tut10\dx11tut10\engine\engine\graphicsclass.cpp(1540): warning C4305: '인수': 'double'에서 'FLOAT'(으)로 잘립니다.
c:\users\user\desktop\dx11tut10\dx11tut10\engine\engine\graphicsclass.cpp(1561): warning C4305: '인수': 'double'에서 'FLOAT'(으)로 잘립니다.
c:\users\user\desktop\dx11tut10\dx11tut10\engine\engine\graphicsclass.cpp(1582): warning C4305: '인수': 'double'에서 'FLOAT'(으)로 잘립니다.
c:\users\user\desktop\dx11tut10\dx11tut10\engine\engine\graphicsclass.cpp(1603): warning C4305: '인수': 'double'에서 'FLOAT'(으)로 잘립니다.
c:\users\user\desktop\dx11tut10\dx11tut10\engine\engine\graphicsclass.cpp(1625): warning C4305: '인수': 'double'에서 'FLOAT'(으)로 잘립니다.
c:\users\user\desktop\dx11tut10\dx11tut10\engine\engine\graphicsclass.cpp(1646): warning C4305: '인수': 'double'에서 'FLOAT'(으)로 잘립니다.
c:\users\user\desktop\dx11tut10\dx11tut10\engine\engine\graphicsclass.cpp(1667): warning C4305: '인수': 'double'에서 'FLOAT'(으)로 잘립니다.
c:\users\user\desktop\dx11tut10\dx11tut10\engine\engine\graphicsclass.cpp(1688): warning C4305: '인수': 'double'에서 'FLOAT'(으)로 잘립니다.
c:\users\user\desktop\dx11tut10\dx11tut10\engine\engine\graphicsclass.cpp(1709): warning C4305: '인수': 'double'에서 'FLOAT'(으)로 잘립니다.
c:\users\user\desktop\dx11tut10\dx11tut10\engine\engine\graphicsclass.cpp(1730): warning C4305: '인수': 'double'에서 'FLOAT'(으)로 잘립니다.
c:\users\user\desktop\dx11tut10\dx11tut10\engine\engine\graphicsclass.cpp(1752): warning C4305: '인수': 'double'에서 'FLOAT'(으)로 잘립니다.
c:\users\user\desktop\dx11tut10\dx11tut10\engine\engine\graphicsclass.cpp(1776): warning C4305: '인수': 'double'에서 'FLOAT'(으)로 잘립니다.
c:\users\user\desktop\dx11tut10\dx11tut10\engine\engine\graphicsclass.cpp(1799): warning C4305: '인수': 'double'에서 'FLOAT'(으)로 잘립니다.
c:\users\user\desktop\dx11tut10\dx11tut10\engine\engine\graphicsclass.cpp(1822): warning C4305: '인수': 'double'에서 'FLOAT'(으)로 잘립니다.
c:\users\user\desktop\dx11tut10\dx11tut10\engine\engine\graphicsclass.cpp(1845): warning C4305: '인수': 'double'에서 'FLOAT'(으)로 잘립니다.
c:\users\user\desktop\dx11tut10\dx11tut10\engine\engine\graphicsclass.cpp(1868): warning C4305: '인수': 'double'에서 'FLOAT'(으)로 잘립니다.
c:\users\user\desktop\dx11tut10\dx11tut10\engine\engine\graphicsclass.cpp(1891): warning C4305: '인수': 'double'에서 'FLOAT'(으)로 잘립니다.
c:\users\user\desktop\dx11tut10\dx11tut10\engine\engine\graphicsclass.cpp(1914): warning C4305: '인수': 'double'에서 'FLOAT'(으)로 잘립니다.
  inputclass.cpp
  lightclass.cpp
  lightshaderclass.cpp
  main.cpp
c:\users\user\desktop\dx11tut10\dx11tut10\engine\engine\main.cpp(11): warning C4101: 'normalCount' :참조되지 않은 지역 변수입니다.
c:\users\user\desktop\dx11tut10\dx11tut10\engine\engine\main.cpp(11): warning C4101: 'faceCount' :참조되지 않은 지역 변수입니다.
c:\users\user\desktop\dx11tut10\dx11tut10\engine\engine\main.cpp(11): warning C4101: 'textureCount' :참조되지 않은 지역 변수입니다.
c:\users\user\desktop\dx11tut10\dx11tut10\engine\engine\main.cpp(12): warning C4101: 'garbage' :참조되지 않은 지역 변수입니다.
c:\users\user\desktop\dx11tut10\dx11tut10\engine\engine\main.cpp(10): warning C4101: 'filename' :참조되지 않은 지역 변수입니다.
c:\users\user\desktop\dx11tut10\dx11tut10\engine\engine\main.cpp(11): warning C4101: 'vertexCount' :참조되지 않은 지역 변수입니다.
  modelclass.cpp
  particleshaderclass.cpp
  Particlesystemclass.cpp
  Shadowshaderclass.cpp
  Skydomeclass.cpp
  Skydomeshaderclass.cpp
  Soundclass.cpp
  systemclass.cpp
  코드를 생성하고 있습니다...
  컴파일하고 있습니다...
  Textclass.cpp
  textureclass.cpp
  textureshaderclass.cpp
  Timerclass.cpp
  코드를 생성하고 있습니다...
  LINK : C:\Users\USER\Desktop\dx11tut10\dx11tut10\Engine\Debug\Engine.exe을(를) 찾을 수 없거나 마지막 증분 링크에 의해 빌드되지 않았습니다. 전체 링크를 수행하고 있습니다.
  Engine.vcxproj -> C:\Users\USER\Desktop\dx11tut10\dx11tut10\Engine\Debug\Engine.exe
